2022-05-15 21:07:56|   0.0|  0.0|INFORM|FME 2020.2.2.0 (20210111 - Build 20817 - WIN64)
2022-05-15 21:07:56|   0.0|  0.0|INFORM|FME_HOME is 'C:\Program Files\FME_2020\'
2022-05-15 21:07:56|   0.0|  0.0|INFORM|FME ArcGIS Data Interop Edition (node locked-crc)
2022-05-15 21:07:56|   0.0|  0.0|INFORM|Serial Number: CUB8-CJ9J-16A3
2022-05-15 21:07:56|   0.0|  0.0|INFORM|Permanent License.
2022-05-15 21:07:56|   0.0|  0.0|INFORM|Machine host name is: DESKTOP-B8NSRQR
2022-05-15 21:07:56|   0.0|  0.0|INFORM|START - ProcessID: 16524, peak process memory usage: 37864 kB, current process memory usage: 37760 kB
2022-05-15 21:07:56|   0.0|  0.0|INFORM|FME Configuration: Command line arguments are `C:\Program Files\FME_2020\fme.exe' `F:/current_work/projects/metro_3d/metro3d_terrain/tools/fme\wb-xlate-1652663267649_8728' `LOG_STANDARDOUT' `YES' `LogCountServerName' `{e828b0b8-3398-4982-91d4-c840bde48a4d}'
2022-05-15 21:07:56|   0.0|  0.0|INFORM|FME Configuration: Connection Storage: 'C:\Users\pbcote\AppData\Roaming\Safe Software\FME\'
2022-05-15 21:07:57|   0.6|  0.5|INFORM|Shared folders for formats are : C:\Program Files\FME_2020\datasources;C:\Users\pbcote\Documents\FME\Formats
2022-05-15 21:07:57|   0.6|  0.0|INFORM|Shared folders for transformers are : C:\Users\pbcote\AppData\Roaming\Safe Software\FME\Packages\20817-win64\transformers;C:\Program Files\FME_2020\transformers;C:\Users\pbcote\AppData\Roaming\Safe Software\FME\FME Store\Transformers
2022-05-15 21:07:57|   0.6|  0.0|INFORM|Shared folders for coordinate systems are : C:\Users\pbcote\Documents\FME\CoordinateSystems
2022-05-15 21:07:57|   0.6|  0.0|INFORM|Shared folders for coordinate system exceptions are : C:\Users\pbcote\Documents\FME\CoordinateSystemExceptions
2022-05-15 21:07:57|   0.6|  0.0|INFORM|Shared folders for coordinate system grid overrides are : C:\Users\pbcote\Documents\FME\CoordinateSystemGridOverrides
2022-05-15 21:07:57|   0.6|  0.0|INFORM|Shared folders for CS-MAP transformation exceptions are : C:\Users\pbcote\Documents\FME\CsmapTransformationExceptions
2022-05-15 21:07:57|   0.6|  0.0|INFORM|Shared folders for transformer categories are : C:\Users\pbcote\Documents\FME\TransformerCategories
2022-05-15 21:07:57|   0.6|  0.0|INFORM|FME Configuration: Reader Keyword is `MULTI_READER'
2022-05-15 21:07:57|   0.6|  0.0|INFORM|FME Configuration: Writer Keyword is `NULL_DEST'
2022-05-15 21:07:57|   0.6|  0.0|INFORM|FME Configuration: Writer Group Definition Keyword is `NULL_DEST_DEF'
2022-05-15 21:07:57|   0.6|  0.0|INFORM|FME Configuration: Reader type is `MULTI_READER'
2022-05-15 21:07:57|   0.6|  0.0|INFORM|FME Configuration: Writer type is `NULL'
2022-05-15 21:07:57|   0.6|  0.0|INFORM|FME Configuration: No destination coordinate system set
2022-05-15 21:07:57|   0.6|  0.0|INFORM|FME Configuration: Current working folder is `F:\current_work\projects\metro_3d\metro3d_terrain\tools\fme'
2022-05-15 21:07:57|   0.6|  0.0|INFORM|FME Configuration: Temporary folder is `C:\Users\pbcote\AppData\Local\Temp\wbrun_1652660348541_8728\fmetmp_3', set from environment variable `FME_TEMP'
2022-05-15 21:07:57|   0.6|  0.0|INFORM|FME Configuration: FME_HOME is `C:\Program Files\FME_2020\'
2022-05-15 21:07:57|   0.6|  0.0|INFORM|FME Configuration: FME_BASE is 'no'
2022-05-15 21:07:57|   0.6|  0.0|INFORM|FME Configuration: FME_MF_DIR is 'F:\current_work\projects\metro_3d\metro3d_terrain\tools\fme/'
2022-05-15 21:07:57|   0.6|  0.0|INFORM|FME Configuration: FME_MF_NAME is 'Batch_Terrain_OBJ_Worksheet_Runner.fmw'
2022-05-15 21:07:57|   0.6|  0.0|INFORM|FME Configuration: FME_PRODUCT_NAME is 'FME(R) 2020.2.2.0'
2022-05-15 21:07:57|   0.6|  0.0|INFORM|System Status: 521.69 GB of disk space available in the FME temporary folder (C:\Users\pbcote\AppData\Local\Temp\wbrun_1652660348541_8728\fmetmp_3)
2022-05-15 21:07:57|   0.6|  0.0|INFORM|System Status: 23.90 GB of physical memory available
2022-05-15 21:07:57|   0.6|  0.0|INFORM|System Status: 95.62 GB of virtual memory available
2022-05-15 21:07:57|   0.6|  0.0|INFORM|Operating System: Microsoft Windows 10 64-bit  (Build 19041)
2022-05-15 21:07:57|   0.6|  0.0|INFORM|FME Platform: WIN64
2022-05-15 21:07:57|   0.6|  0.0|INFORM|Locale: en_US
2022-05-15 21:07:57|   0.6|  0.0|INFORM|System Encoding: windows-1252
2022-05-15 21:07:57|   0.6|  0.0|INFORM|FME Configuration: Start freeing memory when the process exceeds 71.71 GB
2022-05-15 21:07:57|   0.6|  0.0|INFORM|FME Configuration: Stop freeing memory when the process is below 53.79 GB
2022-05-15 21:07:57|   0.6|  0.0|INFORM|Creating writer for format: NULL (Nothing)
2022-05-15 21:07:57|   0.6|  0.0|INFORM|Trying to find a DYNAMIC plugin for writer named `NULL'
2022-05-15 21:07:57|   0.6|  0.0|INFORM|Loaded module 'NULL' from file 'C:\Program Files\FME_2020\plugins/NULL.dll'
2022-05-15 21:07:57|   0.6|  0.0|INFORM|FME API version of module 'NULL' matches current internal version (3.8 20200115)
2022-05-15 21:07:57|   0.6|  0.0|INFORM|Creating reader for format: 
2022-05-15 21:07:57|   0.6|  0.0|INFORM|MULTI_READER(MULTI_READER): Will fail with first member reader failure
2022-05-15 21:07:57|   0.6|  0.0|INFORM|MULTI_READER(MULTI_READER): Adding SHAPEFILE Reader with keyword SHAPEFILE_1
2022-05-15 21:07:57|   0.6|  0.0|INFORM|MULTI_READER(MULTI_READER): Adding PATH Reader with keyword PATH_1
2022-05-15 21:07:57|   0.6|  0.0|INFORM|Using Multi Reader with keyword `MULTI_READER' to read multiple datasets
2022-05-15 21:07:57|   0.7|  0.1|INFORM|Creating reader for format: Esri Shapefile
2022-05-15 21:07:57|   0.7|  0.0|INFORM|Trying to find a DYNAMIC plugin for reader named `SHAPEFILE'
2022-05-15 21:07:57|   0.7|  0.0|INFORM|Loaded module 'SHAPEFILE' from file 'C:\Program Files\FME_2020\plugins/shapefile_dbase.dll'
2022-05-15 21:07:57|   0.7|  0.0|INFORM|FME API version of module 'SHAPEFILE' matches current internal version (3.8 20200115)
2022-05-15 21:07:57|   1.0|  0.3|INFORM|Predefined coordinate system `MA83F' (NAD83 Massachusetts State Planes, Mainland Zone, US Foot) matches dataset coordinate system 
2022-05-15 21:07:57|   1.0|  0.0|INFORM|The OGC definition of the FME coordinate system '_MA83F_0' is 'PROJCS["NAD_1983_StatePlane_Massachusetts_Mainland_FIPS_2001_Feet",GEOGCS["GCS_North_American_1983",DATUM["D_North_American_1983",SPHEROID["GRS_1980",6378137.0,298.257222101]],PRIMEM["Greenwich",0.0],UNIT["Degree",0.0174532925199433]],PROJECTION["Lambert_Conformal_Conic"],PARAMETER["False_Easting",656166.6666666665],PARAMETER["False_Northing",2460625.0],PARAMETER["Central_Meridian",-71.5],PARAMETER["Standard_Parallel_1",41.71666666666667],PARAMETER["Standard_Parallel_2",42.68333333333333],PARAMETER["Latitude_Of_Origin",41.0],UNIT["Foot_US",0.3048006096012192]],VERTCS["NAVD88_height_(ftUS)",VDATUM["North_American_Vertical_Datum_1988"],PARAMETER["Vertical_Shift",0.0],PARAMETER["Direction",1.0],UNIT["Foot_US",0.3048006096012192]]'
2022-05-15 21:07:57|   1.0|  0.0|INFORM|Shapefile reader: Reading dataset with encoding 'UTF-8' as determined by 'Codepage File'
2022-05-15 21:07:57|   1.0|  0.0|INFORM|FME API version of module 'NULL' matches current internal version (3.8 20200115)
2022-05-15 21:07:57|   1.0|  0.0|INFORM|FME API version of module 'NULL' matches current internal version (3.8 20200115)
2022-05-15 21:07:57|   1.0|  0.0|INFORM|Loaded module 'LogCount_func' from file 'C:\Program Files\FME_2020\plugins/LogCount_func.dll'
2022-05-15 21:07:57|   1.0|  0.0|INFORM|FME API version of module 'LogCount_func' matches current internal version (3.8 20200115)
2022-05-15 21:07:57|   1.0|  0.0|INFORM|Loaded module 'StringReplacerFactory' from file 'C:\Program Files\FME_2020\plugins/StringReplacerFactory.dll'
2022-05-15 21:07:57|   1.0|  0.0|INFORM|FME API version of module 'StringReplacerFactory' matches current internal version (3.8 20200115)
2022-05-15 21:07:57|   1.0|  0.0|INFORM|FME Configuration: Source coordinate system for reader SHAPEFILE_1[SHAPEFILE] set to `_MA83F_0' as read from input data
2022-05-15 21:07:57|   1.0|  0.0|INFORM|Coordinate System `_MA83F_0' parameters: CS_NAME=`_MA83F_0' DESC_NM=`NAD83 Massachusetts State Planes, Mainland Zone, US Foot' DT_NAME=`NAD83' EPSG_QD=`1' ESRI_WKT=`PROJCS["NAD_1983_StatePlane_Massachusetts_Mainland_FIPS_2001_Feet",GEOGCS["GCS_North_American_1983",DATUM["D_North_American_1983",SPHEROID["GRS_1980",6378137.0,298.257222101]],PRIMEM["Greenwich",0.0],UNIT["Degree",0.0174532925199433]],PROJECTION["Lambert_Conformal_Conic"],PARAMETER["False_Easting",656166.6666666665],PARAMETER["False_Northing",2460625.0],PARAMETER["Central_Meridian",-71.5],PARAMETER["Standard_Parallel_1",41.71666666666667],PARAMETER["Standard_Parallel_2",42.68333333333333],PARAMETER["Latitude_Of_Origin",41.0],UNIT["Foot_US",0.3048006096012192]],VERTCS["NAVD88_height_(ftUS)",VDATUM["North_American_Vertical_Datum_1988"],PARAMETER["Vertical_Shift",0.0],PARAMETER["Direction",1.0],UNIT["Foot_US",0.3048006096012192]]' GROUP=`SPCS83F' MAP_SCL=`1' MAX_LAT=`43.03333333333333' MAX_LNG=`-69.4' MIN_LAT=`41.31666666666667' MIN_LNG=`-73.95' ORG_LAT=`41' ORG_LNG=`-71.5' PARM1=`42.68333333333333' PARM2=`41.71666666666666' PROJ=`LM' QUAD=`1' SCL_RED=`1' SOURCE=`Calculated from MA83 by Mentor Software' UNIT=`FOOT' X_OFF=`656166.6666666666' Y_OFF=`2460625'
2022-05-15 21:07:57|   1.0|  0.0|INFORM|Creating reader for format: Directory and File Pathnames
2022-05-15 21:07:57|   1.0|  0.0|INFORM|Trying to find a DYNAMIC plugin for reader named `PATH'
2022-05-15 21:07:57|   1.0|  0.0|INFORM|Loaded module 'PATH' from file 'C:\Program Files\FME_2020\plugins/PATH.dll'
2022-05-15 21:07:57|   1.0|  0.0|INFORM|FME API version of module 'PATH' matches current internal version (3.8 20200115)
2022-05-15 21:07:57|   1.0|  0.0|INFORM|Path Reader: Opening the PATH Reader on folder 'F:\current_work\projects\metro_3d\metro3d_terrain\output\tiled_gis'
2022-05-15 21:07:57|   1.0|  0.0|INFORM|Path Reader: Using Glob Pattern '*'
2022-05-15 21:07:57|   1.0|  0.0|INFORM|Path Reader: Allowed Path Type set to 'ANY'
2022-05-15 21:07:57|   1.0|  0.0|INFORM|Path Reader: Recurse into subdirectories 'false'
2022-05-15 21:07:57|   1.0|  0.0|INFORM|Path Reader: Retrieve file properties 'false'
2022-05-15 21:07:57|   1.0|  0.0|INFORM|WorkspaceRunner: Command to run - `{${=F:/current_work/projects/metro_3d/metro3d_terrain/tools/fme/Draped_Terrain_OBJ.fmw=}} --Tile_Name {${=.=}} --tiled_datasets_folder {${=F:\current_work\projects\metro_3d\metro3d_terrain\output=}}'
2022-05-15 21:07:59|   1.1|  0.1|INFORM|WorkspaceRunner: Running FME with command line - `{"C:/Program Files/FME_2020/fme"} COMMAND_FILE {"C:/Users/pbcote/AppData/Local/Temp/wbrun_1652660348541_8728/fmetmp_3/wsr_cm_1652663277935_16524"} &'
2022-05-15 21:07:59|   1.1|  0.0|INFORM|WorkspaceRunner: Successfully initiated batch run of workspace `F:/current_work/projects/metro_3d/metro3d_terrain/tools/fme/Draped_Terrain_OBJ.fmw'
2022-05-15 21:07:59|   1.1|  0.0|INFORM|WorkspaceRunner: Command to run - `{${=F:/current_work/projects/metro_3d/metro3d_terrain/tools/fme/Draped_Terrain_OBJ.fmw=}} --Tile_Name {${=.=}} --tiled_datasets_folder {${=F:\current_work\projects\metro_3d\metro3d_terrain\output=}}'
2022-05-15 21:08:00|   1.2|  0.1|INFORM|WorkspaceRunner: Running FME with command line - `{"C:/Program Files/FME_2020/fme"} COMMAND_FILE {"C:/Users/pbcote/AppData/Local/Temp/wbrun_1652660348541_8728/fmetmp_3/wsr_cm_1652663279044_16524"} &'
2022-05-15 21:08:00|   1.2|  0.0|INFORM|WorkspaceRunner: Successfully initiated batch run of workspace `F:/current_work/projects/metro_3d/metro3d_terrain/tools/fme/Draped_Terrain_OBJ.fmw'
2022-05-15 21:08:00|   1.2|  0.0|INFORM|Path Reader: Closing the PATH Reader
2022-05-15 21:08:00|   1.2|  0.0|INFORM|MULTI_READER(MULTI_READER): Done reading 108 features from 2 readers
2022-05-15 21:08:00|   1.2|  0.0|INFORM|Emptying factory pipeline
2022-05-15 21:08:00|   1.2|  0.0|STATS |Router and Unexpected Input Remover (RoutingFactory): Tested 108 input feature(s), wrote 108 output feature(s): 108 matched merge filters, 108 were routed to output, 0 could not be routed.
2022-05-15 21:08:00|   1.2|  0.0|STATS |Unexpected Input Remover Nuker (TeeFactory): Cloned 0 input feature(s) into 0 output feature(s)
2022-05-15 21:08:00|   1.2|  0.0|STATS |Bos3d_Tile_Polys_SHAPEFILE_1 Splitter (TeeFactory): Cloned 106 input feature(s) into 0 output feature(s)
2022-05-15 21:08:00|   1.2|  0.0|STATS |PATH_PATH_1 Splitter (TeeFactory): Cloned 2 input feature(s) into 2 output feature(s)
2022-05-15 21:08:00|   1.2|  0.0|STATS |PATH_PATH_1 Feature Counter -1 13 (TeeFactory): Cloned 2 input feature(s) into 2 output feature(s)
2022-05-15 21:08:00|   1.2|  0.0|STATS |FilenamePartExtractor (TeeFactory): Cloned 2 input feature(s) into 2 output feature(s)
2022-05-15 21:08:00|   1.2|  0.0|STATS |FilenamePartExtractor_OUTPUT Feature Counter -1 15 (TeeFactory): Cloned 2 input feature(s) into 2 output feature(s)
2022-05-15 21:08:00|   1.2|  0.0|STATS |StringReplacer_OUTPUT Feature Counter -1 12 (TeeFactory): Cloned 2 input feature(s) into 2 output feature(s)
2022-05-15 21:08:00|   1.2|  0.0|STATS |WorkspaceRunner_ExecutorAndRouter (TestFactory): Tested 2 input feature(s) -- 2 feature(s) passed and 0 feature(s) failed
2022-05-15 21:08:00|   1.2|  0.0|INFORM|WorkspaceRunner_Summary: Feature is:
2022-05-15 21:08:00|   1.2|  0.0|INFORM|+++++++++++++++++++++++++++++++++++++++++++++++++++++++++++++++++++++++++++
2022-05-15 21:08:00|   1.2|  0.0|INFORM|Feature Type: `WorkspaceRunner_Summary_LOGGED'
2022-05-15 21:08:00|   1.2|  0.0|INFORM|Attribute(encoded: UTF-8): `_proc_count' has value `2'
2022-05-15 21:08:00|   1.2|  0.0|INFORM|Attribute(encoded: UTF-8): `_processes{0}' has value `5136'
2022-05-15 21:08:00|   1.2|  0.0|INFORM|Attribute(encoded: UTF-8): `_processes{1}' has value `8348'
2022-05-15 21:08:00|   1.2|  0.0|INFORM|Attribute(string)        : `fme_type' has value `fme_no_geom'
2022-05-15 21:08:00|   1.2|  0.0|INFORM|Geometry Type: Unknown (0)
2022-05-15 21:08:00|   1.2|  0.0|INFORM|Number of Coordinates: 0 -- Coordinate System: `'
2022-05-15 21:08:00|   1.2|  0.0|INFORM|===========================================================================
2022-05-15 21:08:00|   1.2|  0.0|STATS |WorkspaceRunner_SummaryMaker (CreationFactory): Created 1 features
2022-05-15 21:08:00|   1.2|  0.0|STATS |WorkspaceRunner_FAILED Feature Counter -1 9 (TeeFactory): Cloned 0 input feature(s) into 0 output feature(s)
2022-05-15 21:08:00|   1.2|  0.0|STATS |WorkspaceRunner_SUMMARY Feature Counter -1 7 (TeeFactory): Cloned 1 input feature(s) into 1 output feature(s)
2022-05-15 21:08:00|   1.2|  0.0|STATS |WorkspaceRunner_Summary_Logger (TeeFactory): Cloned 1 input feature(s) into 1 output feature(s)
2022-05-15 21:08:00|   1.2|  0.0|STATS |WorkspaceRunner_Summary LOGGED Transformer Output Nuker (TeeFactory): Cloned 1 input feature(s) into 0 output feature(s)
2022-05-15 21:08:00|   1.2|  0.0|STATS |WorkspaceRunner_Failed_Logger (TeeFactory): Cloned 0 input feature(s) into 0 output feature(s)
2022-05-15 21:08:00|   1.2|  0.0|STATS |WorkspaceRunner_Failed LOGGED Transformer Output Nuker (TeeFactory): Cloned 0 input feature(s) into 0 output feature(s)
2022-05-15 21:08:00|   1.2|  0.0|STATS |Destination Feature Type Routing Correlator (RoutingFactory): Tested 0 input feature(s), wrote 0 output feature(s): 0 matched merge filters, 0 were routed to output, 0 could not be routed.
2022-05-15 21:08:00|   1.2|  0.0|STATS |Final Output Nuker (TeeFactory): Cloned 0 input feature(s) into 0 output feature(s)
2022-05-15 21:08:00|   1.2|  0.0|STATS |=-=-=-=-=-=-=-=-=-=-=-=-=-=-=-=-=-=-=-=-=-=-=-=-=-=-=-=-=-=-=-=-=-=-=-=-=-=-=-
2022-05-15 21:08:00|   1.2|  0.0|STATS |                            Features Read Summary
2022-05-15 21:08:00|   1.2|  0.0|STATS |=-=-=-=-=-=-=-=-=-=-=-=-=-=-=-=-=-=-=-=-=-=-=-=-=-=-=-=-=-=-=-=-=-=-=-=-=-=-=-
2022-05-15 21:08:00|   1.2|  0.0|STATS |Bos3d_Tile_Polys                                                           106
2022-05-15 21:08:00|   1.2|  0.0|STATS |PATH                                                                         2
2022-05-15 21:08:00|   1.2|  0.0|STATS |==============================================================================
2022-05-15 21:08:00|   1.2|  0.0|STATS |Total Features Read                                                        108
2022-05-15 21:08:00|   1.2|  0.0|STATS |=-=-=-=-=-=-=-=-=-=-=-=-=-=-=-=-=-=-=-=-=-=-=-=-=-=-=-=-=-=-=-=-=-=-=-=-=-=-=-
2022-05-15 21:08:00|   1.2|  0.0|STATS |=-=-=-=-=-=-=-=-=-=-=-=-=-=-=-=-=-=-=-=-=-=-=-=-=-=-=-=-=-=-=-=-=-=-=-=-=-=-=-
2022-05-15 21:08:00|   1.2|  0.0|STATS |                           Features Written Summary
2022-05-15 21:08:00|   1.2|  0.0|STATS |=-=-=-=-=-=-=-=-=-=-=-=-=-=-=-=-=-=-=-=-=-=-=-=-=-=-=-=-=-=-=-=-=-=-=-=-=-=-=-
2022-05-15 21:08:00|   1.2|  0.0|STATS |==============================================================================
2022-05-15 21:08:00|   1.2|  0.0|STATS |Total Features Written                                                       0
2022-05-15 21:08:00|   1.2|  0.0|STATS |=-=-=-=-=-=-=-=-=-=-=-=-=-=-=-=-=-=-=-=-=-=-=-=-=-=-=-=-=-=-=-=-=-=-=-=-=-=-=-
2022-05-15 21:08:00|   1.2|  0.0|INFORM|Translation was SUCCESSFUL with 0 warning(s) (0 feature(s) output)
2022-05-15 21:08:00|   1.2|  0.0|INFORM|FME Session Duration: 3.3 seconds. (CPU: 0.4s user, 0.3s system)
2022-05-15 21:08:00|   1.2|  0.0|INFORM|END - ProcessID: 16524, peak process memory usage: 101012 kB, current process memory usage: 101008 kB
