2022-05-15 21:08:00|   0.1|  0.1|INFORM|FME 2020.2.2.0 (20210111 - Build 20817 - WIN64)
2022-05-15 21:08:00|   0.1|  0.0|INFORM|FME_HOME is 'C:\Program Files\FME_2020\'
2022-05-15 21:08:00|   0.1|  0.0|INFORM|FME ArcGIS Data Interop Edition (node locked-crc)
2022-05-15 21:08:00|   0.1|  0.0|INFORM|Serial Number: CUB8-CJ9J-16A3
2022-05-15 21:08:00|   0.1|  0.0|INFORM|Permanent License.
2022-05-15 21:08:00|   0.1|  0.0|INFORM|Machine host name is: DESKTOP-B8NSRQR
2022-05-15 21:08:00|   0.1|  0.0|INFORM|START - ProcessID: 8348, peak process memory usage: 38180 kB, current process memory usage: 38076 kB
2022-05-15 21:08:00|   0.1|  0.0|INFORM|FME Configuration: Command line arguments are `C:/Program Files/FME_2020/fme' `F:/current_work/projects/metro_3d/metro3d_terrain/tools/fme/Draped_Terrain_OBJ.fmw' `--Tile_Name' `.' `--tiled_datasets_folder' `F:\current_work\projects\metro_3d\metro3d_terrain\output' `--FME_LAUNCH_VIEWER_APP' `YES'
2022-05-15 21:08:00|   0.1|  0.0|INFORM|FME Configuration: Connection Storage: 'C:\Users\pbcote\AppData\Roaming\Safe Software\FME\'
2022-05-15 21:08:01|   0.6|  0.6|INFORM|Shared folders for formats are : C:\Program Files\FME_2020\datasources;C:\Users\pbcote\Documents\FME\Formats
2022-05-15 21:08:01|   0.6|  0.0|INFORM|Shared folders for transformers are : C:\Users\pbcote\AppData\Roaming\Safe Software\FME\Packages\20817-win64\transformers;C:\Program Files\FME_2020\transformers;C:\Users\pbcote\AppData\Roaming\Safe Software\FME\FME Store\Transformers
2022-05-15 21:08:01|   0.6|  0.0|INFORM|Shared folders for coordinate systems are : C:\Users\pbcote\Documents\FME\CoordinateSystems
2022-05-15 21:08:01|   0.6|  0.0|INFORM|Shared folders for coordinate system exceptions are : C:\Users\pbcote\Documents\FME\CoordinateSystemExceptions
2022-05-15 21:08:01|   0.6|  0.0|INFORM|Shared folders for coordinate system grid overrides are : C:\Users\pbcote\Documents\FME\CoordinateSystemGridOverrides
2022-05-15 21:08:01|   0.6|  0.0|INFORM|Shared folders for CS-MAP transformation exceptions are : C:\Users\pbcote\Documents\FME\CsmapTransformationExceptions
2022-05-15 21:08:01|   0.6|  0.0|INFORM|Shared folders for transformer categories are : C:\Users\pbcote\Documents\FME\TransformerCategories
2022-05-15 21:08:01|   0.6|  0.0|INFORM|FME Configuration: Reader Keyword is `MULTI_READER'
2022-05-15 21:08:01|   0.6|  0.0|INFORM|FME Configuration: Writer Keyword is `MULTI_WRITER'
2022-05-15 21:08:01|   0.6|  0.0|INFORM|FME Configuration: Writer Group Definition Keyword is `MULTI_WRITER_DEF'
2022-05-15 21:08:01|   0.6|  0.0|INFORM|FME Configuration: Reader type is `MULTI_READER'
2022-05-15 21:08:01|   0.6|  0.0|INFORM|FME Configuration: Writer type is `MULTI_WRITER'
2022-05-15 21:08:01|   0.6|  0.0|INFORM|FME Configuration: No destination coordinate system set
2022-05-15 21:08:01|   0.6|  0.0|INFORM|FME Configuration: Current working folder is `F:\current_work\projects\metro_3d\metro3d_terrain\tools\fme'
2022-05-15 21:08:01|   0.6|  0.0|INFORM|FME Configuration: Temporary folder is `C:\Users\pbcote\AppData\Local\Temp\wbrun_1652660348541_8728\fmetmp_3', set from environment variable `FME_TEMP'
2022-05-15 21:08:01|   0.6|  0.0|INFORM|FME Configuration: FME_HOME is `C:\Program Files\FME_2020\'
2022-05-15 21:08:01|   0.6|  0.0|INFORM|FME Configuration: FME_BASE is 'no'
2022-05-15 21:08:01|   0.6|  0.0|INFORM|FME Configuration: FME_MF_DIR is 'F:\current_work\projects\metro_3d\metro3d_terrain\tools\fme/'
2022-05-15 21:08:01|   0.6|  0.0|INFORM|FME Configuration: FME_MF_NAME is 'Draped_Terrain_OBJ.fmw'
2022-05-15 21:08:01|   0.6|  0.0|INFORM|FME Configuration: FME_PRODUCT_NAME is 'FME(R) 2020.2.2.0'
2022-05-15 21:08:01|   0.6|  0.0|INFORM|System Status: 521.69 GB of disk space available in the FME temporary folder (C:\Users\pbcote\AppData\Local\Temp\wbrun_1652660348541_8728\fmetmp_3)
2022-05-15 21:08:01|   0.6|  0.0|INFORM|System Status: 23.90 GB of physical memory available
2022-05-15 21:08:01|   0.6|  0.0|INFORM|System Status: 95.62 GB of virtual memory available
2022-05-15 21:08:01|   0.6|  0.0|INFORM|Operating System: Microsoft Windows 10 64-bit  (Build 19041)
2022-05-15 21:08:01|   0.6|  0.0|INFORM|FME Platform: WIN64
2022-05-15 21:08:01|   0.6|  0.0|INFORM|Locale: en_US
2022-05-15 21:08:01|   0.6|  0.0|INFORM|System Encoding: windows-1252
2022-05-15 21:08:01|   0.6|  0.0|INFORM|FME Configuration: Start freeing memory when the process exceeds 71.71 GB
2022-05-15 21:08:01|   0.6|  0.0|INFORM|FME Configuration: Stop freeing memory when the process is below 53.79 GB
2022-05-15 21:08:01|   0.7|  0.0|INFORM|Creating writer for format: 
2022-05-15 21:08:01|   0.7|  0.0|INFORM|Creating reader for format: 
2022-05-15 21:08:01|   0.7|  0.0|INFORM|MULTI_READER(MULTI_READER): Will fail with first member reader failure
2022-05-15 21:08:01|   0.7|  0.0|INFORM|MULTI_READER(MULTI_READER): Adding JPEG Reader with keyword JPEG_1
2022-05-15 21:08:01|   0.7|  0.0|INFORM|MULTI_READER(MULTI_READER): Adding SHAPEFILE Reader with keyword SHAPEFILE_1
2022-05-15 21:08:01|   0.7|  0.0|INFORM|Using Multi Reader with keyword `MULTI_READER' to read multiple datasets
2022-05-15 21:08:01|   0.8|  0.1|INFORM|Creating reader for format: JPEG (Joint Photographic Experts Group)
2022-05-15 21:08:01|   0.8|  0.0|INFORM|Trying to find a DYNAMIC plugin for reader named `JPEG'
2022-05-15 21:08:01|   0.8|  0.0|INFORM|Loaded module 'JPEG' from file 'C:\Program Files\FME_2020\plugins/gdal/GDAL.dll'
2022-05-15 21:08:01|   0.8|  0.0|INFORM|FME API version of module 'JPEG' matches current internal version (3.8 20200115)
2022-05-15 21:08:01|   0.8|  0.0|ERROR |JPEG reader: file 'F:\current_work\projects\metro_3d\metro3d_terrain\output\BOS3d_Groundplan_2011_JPG\._Groundplan_2011.jpg' cannot be located.  Please ensure the file exists and is accessible
2022-05-15 21:08:01|   0.8|  0.0|ERROR |A fatal error has occurred. Check the logfile above for details
2022-05-15 21:08:01|   0.8|  0.0|INFORM|Translation FAILED with 2 error(s) and 0 warning(s) (0 feature(s) output)
2022-05-15 21:08:01|   0.8|  0.0|INFORM|FME Session Duration: 0.8 seconds. (CPU: 0.1s user, 0.2s system)
2022-05-15 21:08:01|   0.8|  0.0|INFORM|END - ProcessID: 8348, peak process memory usage: 65048 kB, current process memory usage: 47940 kB
